<?xml version="1.0" encoding="UTF-8"?>
<testng-results ignored="0" total="2" passed="2" failed="0" skipped="0">
  <reporter-output>
  </reporter-output>
  <suite started-at="2024-01-03T12:16:40 IST" name="Default suite" finished-at="2024-01-03T12:16:43 IST" duration-ms="3361">
    <groups>
    </groups>
    <test started-at="2024-01-03T12:16:40 IST" name="Default test" finished-at="2024-01-03T12:16:43 IST" duration-ms="3361">
      <class name="tests.TestExamples">
        <test-method signature="test_1()[pri:0, instance:tests.TestExamples@1b2abca6]" started-at="2024-01-03T12:16:40 IST" name="test_1" finished-at="2024-01-03T12:16:42 IST" duration-ms="2134" status="PASS">
          <reporter-output>
          </reporter-output>
        </test-method> <!-- test_1 -->
        <test-method signature="test_2()[pri:0, instance:tests.TestExamples@1b2abca6]" started-at="2024-01-03T12:16:42 IST" name="test_2" finished-at="2024-01-03T12:16:43 IST" duration-ms="1171" status="PASS">
          <reporter-output>
          </reporter-output>
        </test-method> <!-- test_2 -->
      </class> <!-- tests.TestExamples -->
    </test> <!-- Default test -->
  </suite> <!-- Default suite -->
</testng-results>
